part3 debug log
[part3] frame=200 root_pos=[-0.001  0.924  0.002] root_vel=[ 0.01   0.019 -0.064] target_pos=[-0.158  0.911  0.052] offset=[-0.157 -0.013  0.05 ] virtual_force=[-629.719  -54.102  200.086] max_leg_torque=986.22 mean_leg_torque=172.03
[part3] frame=400 root_pos=[-0.002  0.923  0.009] root_vel=[-0.007  0.005 -0.02 ] target_pos=[-0.158  0.911  0.049] offset=[-0.156 -0.013  0.04 ] virtual_force=[-622.641  -51.395  159.264] max_leg_torque=974.25 mean_leg_torque=168.38
[part3] frame=600 root_pos=[-0.007  0.923  0.013] root_vel=[-0.071  0.01  -0.007] target_pos=[-0.158  0.911  0.048] offset=[-0.151 -0.012  0.035] virtual_force=[-603.155  -50.088  138.518] max_leg_torque=998.73 mean_leg_torque=186.47
[part3] frame=800 root_pos=[-0.014  0.923  0.01 ] root_vel=[-0.086  0.023  0.024] target_pos=[-0.158  0.911  0.046] offset=[-0.143 -0.012  0.036] virtual_force=[-571.985  -49.493  141.655] max_leg_torque=965.02 mean_leg_torque=171.71
[part3] frame=1000 root_pos=[-0.021  0.923  0.001] root_vel=[-0.081 -0.023  0.043] target_pos=[-0.157  0.911  0.042] offset=[-0.136 -0.012  0.041] virtual_force=[-543.526  -48.385  162.652] max_leg_torque=960.00 mean_leg_torque=159.89
[part3] frame=1200 root_pos=[-0.029  0.923 -0.005] root_vel=[-0.077  0.001  0.022] target_pos=[-0.157  0.911  0.039] offset=[-0.128 -0.012  0.044] virtual_force=[-510.86   -48.208  176.77 ] max_leg_torque=957.68 mean_leg_torque=172.57
[part3] frame=1400 root_pos=[-0.038  0.923 -0.011] root_vel=[-0.07  -0.036 -0.1  ] target_pos=[-0.158  0.911  0.037] offset=[-0.12  -0.012  0.047] virtual_force=[-477.593  -47.399  191.968] max_leg_torque=962.13 mean_leg_torque=167.79
[part3] frame=1600 root_pos=[-0.041  0.923 -0.011] root_vel=[ 0.038  0.001 -0.096] target_pos=[-0.159  0.911  0.034] offset=[-0.118 -0.012  0.045] virtual_force=[-474.533  -48.79   183.339] max_leg_torque=972.50 mean_leg_torque=156.25
[part3] frame=1800 root_pos=[-0.035  0.923 -0.01 ] root_vel=[ 0.079 -0.004 -0.105] target_pos=[-0.158  0.911  0.035] offset=[-0.123 -0.012  0.046] virtual_force=[-493.095  -47.976  184.391] max_leg_torque=977.23 mean_leg_torque=162.70
[part3] frame=2000 root_pos=[-0.028  0.923 -0.01 ] root_vel=[0.059 0.012 0.026] target_pos=[-0.158  0.911  0.034] offset=[-0.13  -0.012  0.044] virtual_force=[-519.766  -48.417  177.214] max_leg_torque=971.10 mean_leg_torque=210.36
[part3] frame=2200 root_pos=[-0.023  0.923 -0.009] root_vel=[0.046 0.02  0.105] target_pos=[-0.158  0.911  0.033] offset=[-0.135 -0.012  0.042] virtual_force=[-539.384  -49.172  165.931] max_leg_torque=965.31 mean_leg_torque=168.34
[part3] frame=2400 root_pos=[-0.02   0.923 -0.009] root_vel=[ 0.02  -0.028  0.106] target_pos=[-0.159  0.911  0.033] offset=[-0.138 -0.012  0.041] virtual_force=[-553.959  -48.025  163.627] max_leg_torque=957.62 mean_leg_torque=163.74
[part3] frame=2600 root_pos=[-0.019  0.923 -0.009] root_vel=[ 0.008 -0.059 -0.005] target_pos=[-0.16   0.911  0.032] offset=[-0.141 -0.012  0.041] virtual_force=[-564.758  -47.669  165.83 ] max_leg_torque=958.56 mean_leg_torque=166.77
[part3] frame=2800 root_pos=[-0.019  0.923 -0.011] root_vel=[-0.032  0.003 -0.111] target_pos=[-0.161  0.911  0.031] offset=[-0.141 -0.012  0.042] virtual_force=[-564.779  -48.91   171.939] max_leg_torque=963.50 mean_leg_torque=170.59
[part3] frame=3000 root_pos=[-0.022  0.923 -0.015] root_vel=[-0.033  0.029 -0.15 ] target_pos=[-0.162  0.911  0.03 ] offset=[-0.14  -0.012  0.045] virtual_force=[-557.524  -49.37   182.554] max_leg_torque=975.36 mean_leg_torque=162.90
[part3] frame=3200 root_pos=[-0.026  0.923 -0.019] root_vel=[-0.052 -0.003 -0.076] target_pos=[-0.163  0.911  0.028] offset=[-0.136 -0.012  0.048] virtual_force=[-544.373  -48.464  192.535] max_leg_torque=975.33 mean_leg_torque=169.29
[part3] frame=3400 root_pos=[-0.032  0.923 -0.023] root_vel=[-0.043  0.048  0.008] target_pos=[-0.164  0.911  0.027] offset=[-0.132 -0.012  0.05 ] virtual_force=[-527.559  -49.645  200.045] max_leg_torque=996.51 mean_leg_torque=171.50
[part3] frame=3600 root_pos=[-0.039  0.923 -0.027] root_vel=[-0.07  -0.015  0.068] target_pos=[-0.165  0.911  0.025] offset=[-0.126 -0.012  0.052] virtual_force=[-504.246  -48.433  208.342] max_leg_torque=959.07 mean_leg_torque=159.89
[part3] frame=3800 root_pos=[-0.048  0.923 -0.032] root_vel=[-0.088 -0.019  0.009] target_pos=[-0.167  0.911  0.024] offset=[-0.119 -0.012  0.056] virtual_force=[-474.05   -47.693  223.85 ] max_leg_torque=957.65 mean_leg_torque=163.36
[part3] frame=4000 root_pos=[-0.054  0.923 -0.034] root_vel=[-0.042 -0.061 -0.037] target_pos=[-0.168  0.911  0.02 ] offset=[-0.114 -0.012  0.055] virtual_force=[-453.955  -48.008  219.533] max_leg_torque=943.95 mean_leg_torque=160.69
[part3] frame=4200 root_pos=[-0.052  0.923 -0.034] root_vel=[ 0.066 -0.009 -0.112] target_pos=[-0.168  0.911  0.02 ] offset=[-0.116 -0.012  0.055] virtual_force=[-463.911  -48.207  221.002] max_leg_torque=971.67 mean_leg_torque=155.85
[part3] frame=4400 root_pos=[-0.044  0.923 -0.036] root_vel=[ 0.068 -0.007 -0.068] target_pos=[-0.167  0.911  0.02 ] offset=[-0.123 -0.012  0.055] virtual_force=[-493.625  -47.979  222.284] max_leg_torque=974.60 mean_leg_torque=164.28
[part3] frame=4600 root_pos=[-0.037  0.923 -0.035] root_vel=[0.086 0.031 0.052] target_pos=[-0.167  0.911  0.018] offset=[-0.131 -0.012  0.053] virtual_force=[-524.877  -49.227  209.702] max_leg_torque=971.78 mean_leg_torque=208.35
[part3] frame=4800 root_pos=[-0.029  0.923 -0.032] root_vel=[0.078 0.009 0.128] target_pos=[-0.168  0.911  0.018] offset=[-0.139 -0.012  0.05 ] virtual_force=[-556.966  -49.793  199.341] max_leg_torque=963.10 mean_leg_torque=166.92
[part3] frame=5000 root_pos=[-0.023  0.923 -0.031] root_vel=[0.046 0.023 0.092] target_pos=[-0.169  0.911  0.017] offset=[-0.146 -0.013  0.048] virtual_force=[-583.472  -51.03   190.605] max_leg_torque=955.04 mean_leg_torque=173.42
[part3] frame=5200 root_pos=[-0.022  0.923 -0.032] root_vel=[-0.01  -0.049 -0.061] target_pos=[-0.17   0.911  0.014] offset=[-0.148 -0.013  0.047] virtual_force=[-591.672  -49.826  187.766] max_leg_torque=958.37 mean_leg_torque=211.35
[part3] frame=5400 root_pos=[-0.024  0.923 -0.037] root_vel=[-0.052  0.003 -0.133] target_pos=[-0.171  0.911  0.008] offset=[-0.147 -0.012  0.045] virtual_force=[-585.364  -49.773  183.786] max_leg_torque=966.20 mean_leg_torque=170.59
[part3] frame=5600 root_pos=[-0.03   0.923 -0.043] root_vel=[-0.059  0.022 -0.148] target_pos=[-0.172  0.911  0.001] offset=[-0.142 -0.012  0.044] virtual_force=[-566.672  -49.698  177.982] max_leg_torque=974.70 mean_leg_torque=206.62
[part3] frame=5800 root_pos=[-0.037  0.923 -0.048] root_vel=[-0.064  0.021 -0.029] target_pos=[-0.173  0.911  0.   ] offset=[-0.136 -0.012  0.048] virtual_force=[-541.44   -48.952  193.224] max_leg_torque=973.79 mean_leg_torque=166.54
[part3] frame=6000 root_pos=[-0.045  0.923 -0.05 ] root_vel=[-0.067  0.045  0.042] target_pos=[-0.174  0.911 -0.   ] offset=[-0.129 -0.012  0.05 ] virtual_force=[-515.652  -49.83   200.682] max_leg_torque=971.13 mean_leg_torque=167.85
[part3] frame=6200 root_pos=[-0.055  0.923 -0.054] root_vel=[-0.105 -0.018  0.062] target_pos=[-0.176  0.911  0.   ] offset=[-0.121 -0.012  0.054] virtual_force=[-481.209  -47.95   216.347] max_leg_torque=979.84 mean_leg_torque=207.04
[part3] frame=6400 root_pos=[-0.065  0.923 -0.056] root_vel=[-0.075 -0.002  0.038] target_pos=[-0.177  0.911 -0.002] offset=[-0.113 -0.012  0.054] virtual_force=[-449.292  -49.941  216.422] max_leg_torque=956.17 mean_leg_torque=157.56
[part3] frame=6600 root_pos=[-0.069  0.923 -0.055] root_vel=[-0.029 -0.058 -0.029] target_pos=[-0.178  0.911 -0.003] offset=[-0.109 -0.013  0.052] virtual_force=[-435.673  -50.284  207.914] max_leg_torque=957.06 mean_leg_torque=156.49
[part3] frame=6800 root_pos=[-0.068  0.923 -0.053] root_vel=[ 0.027 -0.001 -0.103] target_pos=[-0.177  0.911 -0.003] offset=[-0.109 -0.013  0.051] virtual_force=[-436.584  -51.671  204.079] max_leg_torque=971.77 mean_leg_torque=150.42
[part3] frame=7000 root_pos=[-0.065  0.923 -0.056] root_vel=[ 0.057 -0.006 -0.076] target_pos=[-0.177  0.911 -0.005] offset=[-0.112 -0.013  0.052] virtual_force=[-448.338  -50.197  208.359] max_leg_torque=974.01 mean_leg_torque=158.43
[part3] frame=7200 root_pos=[-0.057  0.923 -0.059] root_vel=[0.103 0.042 0.033] target_pos=[-0.176  0.911 -0.005] offset=[-0.119 -0.012  0.053] virtual_force=[-477.873  -49.201  213.311] max_leg_torque=995.46 mean_leg_torque=162.77
[part3] frame=7400 root_pos=[-0.049  0.923 -0.058] root_vel=[ 0.067 -0.003  0.133] target_pos=[-0.176  0.911 -0.006] offset=[-0.126 -0.012  0.052] virtual_force=[-506.605  -48.563  205.602] max_leg_torque=960.37 mean_leg_torque=160.64
[part3] frame=7600 root_pos=[-0.044  0.923 -0.055] root_vel=[0.05  0.001 0.081] target_pos=[-0.176  0.911 -0.005] offset=[-0.132 -0.012  0.05 ] virtual_force=[-529.041  -49.036  198.241] max_leg_torque=956.57 mean_leg_torque=169.23
[part3] frame=7800 root_pos=[-0.041  0.923 -0.055] root_vel=[ 0.01  -0.052 -0.042] target_pos=[-0.177  0.911 -0.004] offset=[-0.136 -0.012  0.051] virtual_force=[-544.302  -47.478  203.006] max_leg_torque=944.36 mean_leg_torque=173.32
[part3] frame=8000 root_pos=[-0.041  0.923 -0.055] root_vel=[-0.029  0.024 -0.11 ] target_pos=[-0.178  0.911 -0.004] offset=[-0.137 -0.012  0.051] virtual_force=[-549.27   -49.276  207.638] max_leg_torque=971.77 mean_leg_torque=166.27
[part3] frame=8200 root_pos=[-0.044  0.923 -0.057] root_vel=[-0.059 -0.02  -0.109] target_pos=[-0.18   0.911 -0.003] offset=[-0.135 -0.012  0.054] virtual_force=[-539.989  -48.185  217.998] max_leg_torque=977.51 mean_leg_torque=171.11
[part3] frame=8400 root_pos=[-0.051  0.923 -0.06 ] root_vel=[-0.062  0.032  0.001] target_pos=[-0.181  0.911 -0.003] offset=[-0.13  -0.012  0.057] virtual_force=[-520.235  -49.263  228.517] max_leg_torque=973.05 mean_leg_torque=210.10
[part3] frame=8600 root_pos=[-0.06   0.923 -0.063] root_vel=[-0.09   0.016  0.066] target_pos=[-0.183  0.911 -0.003] offset=[-0.123 -0.012  0.06 ] virtual_force=[-489.069  -49.203  239.396] max_leg_torque=965.35 mean_leg_torque=162.88
[part3] frame=8800 root_pos=[-0.073  0.923 -0.067] root_vel=[-0.12   0.009  0.079] target_pos=[-0.184  0.911 -0.003] offset=[-0.111 -0.012  0.064] virtual_force=[-443.382  -49.074  252.544] max_leg_torque=956.89 mean_leg_torque=171.15
[part3] frame=9000 root_pos=[-0.083  0.924 -0.066] root_vel=[-0.079 -0.027  0.003] target_pos=[-0.187  0.911 -0.007] offset=[-0.104 -0.013  0.059] virtual_force=[-416.384  -51.607  236.806] max_leg_torque=958.66 mean_leg_torque=196.67
[part3] frame=9200 root_pos=[-0.087  0.924 -0.062] root_vel=[-0.042 -0.031 -0.058] target_pos=[-0.187  0.911 -0.006] offset=[-0.1   -0.014  0.056] virtual_force=[-398.98   -53.422  223.8  ] max_leg_torque=966.17 mean_leg_torque=151.93
[part3] frame=9400 root_pos=[-0.09   0.924 -0.062] root_vel=[-0.02   0.002 -0.136] target_pos=[-0.187  0.911 -0.008] offset=[-0.097 -0.014  0.054] virtual_force=[-387.718  -55.122  218.939] max_leg_torque=976.69 mean_leg_torque=152.74
[part3] frame=9600 root_pos=[-0.092  0.924 -0.065] root_vel=[0.014 0.023 0.001] target_pos=[-0.188  0.911 -0.01 ] offset=[-0.096 -0.014  0.055] virtual_force=[-384.484  -55.777  219.351] max_leg_torque=973.26 mean_leg_torque=148.63
[part3] frame=9800 root_pos=[-0.089  0.924 -0.063] root_vel=[0.051 0.046 0.083] target_pos=[-0.187  0.911 -0.01 ] offset=[-0.098 -0.014  0.053] virtual_force=[-393.58   -56.501  211.369] max_leg_torque=969.18 mean_leg_torque=151.10
[part3] frame=10000 root_pos=[-0.085  0.924 -0.065] root_vel=[ 0.045 -0.015  0.062] target_pos=[-0.187  0.911 -0.012] offset=[-0.102 -0.014  0.054] virtual_force=[-408.034  -53.907  213.94 ] max_leg_torque=994.99 mean_leg_torque=196.37
[part3] frame=10200 root_pos=[-0.077  0.923 -0.069] root_vel=[ 0.081 -0.029 -0.016] target_pos=[-0.186  0.911 -0.013] offset=[-0.108 -0.013  0.057] virtual_force=[-435.588  -50.674  226.365] max_leg_torque=957.55 mean_leg_torque=153.93
[part3] frame=10400 root_pos=[-0.066  0.923 -0.073] root_vel=[ 0.085 -0.012 -0.117] target_pos=[-0.185  0.911 -0.014] offset=[-0.119 -0.012  0.059] virtual_force=[-476.874  -47.817  236.962] max_leg_torque=962.04 mean_leg_torque=162.56
[part3] frame=10600 root_pos=[-0.057  0.923 -0.073] root_vel=[ 0.071  0.021 -0.073] target_pos=[-0.185  0.911 -0.016] offset=[-0.128 -0.012  0.057] virtual_force=[-512.746  -48.791  229.444] max_leg_torque=973.64 mean_leg_torque=160.40
[part3] frame=10800 root_pos=[-0.05   0.923 -0.07 ] root_vel=[0.057 0.026 0.007] target_pos=[-0.185  0.911 -0.015] offset=[-0.135 -0.012  0.055] virtual_force=[-540.405  -49.156  218.94 ] max_leg_torque=973.76 mean_leg_torque=169.98
[part3] frame=11000 root_pos=[-0.046  0.923 -0.069] root_vel=[0.032 0.066 0.037] target_pos=[-0.186  0.911 -0.014] offset=[-0.14  -0.012  0.055] virtual_force=[-560.237  -51.143  217.737] max_leg_torque=994.69 mean_leg_torque=172.64
[part3] frame=11200 root_pos=[-0.047  0.923 -0.069] root_vel=[-0.029  0.001  0.08 ] target_pos=[-0.186  0.911 -0.014] offset=[-0.139 -0.013  0.055] virtual_force=[-556.75   -50.101  219.884] max_leg_torque=959.72 mean_leg_torque=163.56
[part3] frame=11400 root_pos=[-0.053  0.923 -0.073] root_vel=[-0.055 -0.003  0.04 ] target_pos=[-0.188  0.911 -0.014] offset=[-0.135 -0.012  0.058] virtual_force=[-537.987  -49.141  231.791] max_leg_torque=957.16 mean_leg_torque=170.69
[part3] frame=11600 root_pos=[-0.061  0.923 -0.077] root_vel=[-0.112 -0.036 -0.075] target_pos=[-0.189  0.911 -0.014] offset=[-0.128 -0.012  0.062] virtual_force=[-508.906  -47.675  250.094] max_leg_torque=944.93 mean_leg_torque=172.56
[part3] frame=11800 root_pos=[-0.072  0.923 -0.081] root_vel=[-0.141  0.013 -0.153] target_pos=[-0.191  0.911 -0.015] offset=[-0.119 -0.012  0.066] virtual_force=[-471.585  -48.261  265.667] max_leg_torque=972.54 mean_leg_torque=162.04
[part3] frame=12000 root_pos=[-0.085  0.923 -0.086] root_vel=[-0.114 -0.005 -0.113] target_pos=[-0.192  0.911 -0.018] offset=[-0.107 -0.012  0.067] virtual_force=[-426.398  -48.73   272.22 ] max_leg_torque=976.48 mean_leg_torque=161.70
[part3] frame=12200 root_pos=[-0.093  0.923 -0.085] root_vel=[-0.021  0.023  0.06 ] target_pos=[-0.198  0.911 -0.021] offset=[-0.105 -0.013  0.064] virtual_force=[-419.045  -51.741  253.392] max_leg_torque=971.11 mean_leg_torque=200.19
[part3] frame=12400 root_pos=[-0.093  0.924 -0.081] root_vel=[0.028 0.034 0.095] target_pos=[-0.198  0.911 -0.022] offset=[-0.105 -0.013  0.059] virtual_force=[-421.431  -53.157  232.387] max_leg_torque=965.45 mean_leg_torque=152.70
[part3] frame=12600 root_pos=[-0.09   0.923 -0.084] root_vel=[ 0.042 -0.001  0.047] target_pos=[-0.197  0.911 -0.024] offset=[-0.107 -0.013  0.06 ] virtual_force=[-430.293  -51.138  239.951] max_leg_torque=955.90 mean_leg_torque=165.76
[part3] frame=12800 root_pos=[-0.083  0.923 -0.09 ] root_vel=[ 0.07  -0.018 -0.095] target_pos=[-0.198  0.911 -0.027] offset=[-0.115 -0.012  0.062] virtual_force=[-461.36   -48.032  250.882] max_leg_torque=957.74 mean_leg_torque=200.04
[part3] frame=13000 root_pos=[-0.077  0.923 -0.093] root_vel=[ 0.016 -0.001 -0.113] target_pos=[-0.198  0.911 -0.032] offset=[-0.121 -0.012  0.061] virtual_force=[-486.034  -48.085  247.429] max_leg_torque=965.87 mean_leg_torque=163.07
[part3] frame=13200 root_pos=[-0.074  0.923 -0.094] root_vel=[-0.007  0.003 -0.12 ] target_pos=[-0.199  0.911 -0.034] offset=[-0.124 -0.012  0.06 ] virtual_force=[-497.449  -48.458  243.751] max_leg_torque=978.05 mean_leg_torque=167.88
[part3] frame=13400 root_pos=[-0.075  0.923 -0.096] root_vel=[-0.02   0.021 -0.016] target_pos=[-0.2    0.911 -0.034] offset=[-0.124 -0.012  0.062] virtual_force=[-496.48   -48.765  247.126] max_leg_torque=973.63 mean_leg_torque=164.12
[part3] frame=13600 root_pos=[-0.079  0.923 -0.098] root_vel=[-0.015  0.032  0.059] target_pos=[-0.201  0.911 -0.035] offset=[-0.122 -0.012  0.063] virtual_force=[-487.598  -49.279  251.477] max_leg_torque=970.09 mean_leg_torque=167.14
[part3] frame=13800 root_pos=[-0.083  0.923 -0.1  ] root_vel=[-0.037 -0.026  0.073] target_pos=[-0.202  0.911 -0.036] offset=[-0.119 -0.012  0.065] virtual_force=[-474.463  -48.035  256.937] max_leg_torque=959.26 mean_leg_torque=204.55
[part3] frame=14000 root_pos=[-0.089  0.923 -0.103] root_vel=[-0.059 -0.053 -0.019] target_pos=[-0.203  0.911 -0.036] offset=[-0.115 -0.012  0.067] virtual_force=[-456.945  -46.993  267.142] max_leg_torque=958.14 mean_leg_torque=160.33
[part3] frame=14200 root_pos=[-0.095  0.923 -0.105] root_vel=[-0.049 -0.014 -0.093] target_pos=[-0.205  0.911 -0.038] offset=[-0.11  -0.012  0.067] virtual_force=[-438.918  -47.759  270.719] max_leg_torque=961.92 mean_leg_torque=161.11
[part3] frame=14400 root_pos=[-0.095  0.923 -0.107] root_vel=[ 0.024  0.023 -0.127] target_pos=[-0.205  0.911 -0.04 ] offset=[-0.11  -0.012  0.066] virtual_force=[-440.47   -48.849  267.706] max_leg_torque=986.23 mean_leg_torque=204.11
[part3] frame=14600 root_pos=[-0.091  0.923 -0.108] root_vel=[ 0.048  0.011 -0.029] target_pos=[-0.204  0.911 -0.041] offset=[-0.114 -0.012  0.067] virtual_force=[-455.636  -48.161  269.086] max_leg_torque=973.26 mean_leg_torque=160.01
[part3] frame=14800 root_pos=[-0.087  0.923 -0.11 ] root_vel=[0.058 0.047 0.055] target_pos=[-0.205  0.911 -0.043] offset=[-0.118 -0.012  0.067] virtual_force=[-473.568  -49.411  266.704] max_leg_torque=977.11 mean_leg_torque=167.10
[part3] frame=15000 root_pos=[-0.084  0.923 -0.11 ] root_vel=[ 0.04  -0.016  0.103] target_pos=[-0.205  0.911 -0.043] offset=[-0.122 -0.012  0.066] virtual_force=[-487.975  -48.447  263.616] max_leg_torque=959.46 mean_leg_torque=160.96
[part3] frame=15200 root_pos=[-0.081  0.923 -0.11 ] root_vel=[ 0.035 -0.034  0.022] target_pos=[-0.206  0.911 -0.043] offset=[-0.125 -0.012  0.067] virtual_force=[-499.809  -48.031  266.58 ] max_leg_torque=956.31 mean_leg_torque=167.21
[part3] frame=15400 root_pos=[-0.079  0.923 -0.111] root_vel=[-0.013 -0.034 -0.059] target_pos=[-0.207  0.911 -0.044] offset=[-0.128 -0.012  0.067] virtual_force=[-510.1    -47.663  270.903] max_leg_torque=954.86 mean_leg_torque=173.74
[part3] frame=15600 root_pos=[-0.077  0.923 -0.111] root_vel=[-0.006  0.029 -0.107] target_pos=[-0.208  0.911 -0.043] offset=[-0.131 -0.012  0.068] virtual_force=[-522.494  -49.531  274.521] max_leg_torque=974.26 mean_leg_torque=164.65
[part3] frame=15800 root_pos=[-0.076  0.923 -0.112] root_vel=[-0.007  0.003 -0.063] target_pos=[-0.209  0.911 -0.043] offset=[-0.133 -0.012  0.069] virtual_force=[-531.077  -49.304  275.648] max_leg_torque=974.96 mean_leg_torque=170.41
[part3] frame=16000 root_pos=[-0.077  0.923 -0.113] root_vel=[-0.003  0.049  0.005] target_pos=[-0.21   0.911 -0.044] offset=[-0.133 -0.012  0.069] virtual_force=[-531.665  -50.588  277.066] max_leg_torque=609.52 mean_leg_torque=121.95
[part3] frame=16200 root_pos=[-0.079  0.923 -0.116] root_vel=[-0.011 -0.005  0.071] target_pos=[-0.211  0.911 -0.045] offset=[-0.131 -0.012  0.07 ] virtual_force=[-524.244  -49.45   280.019] max_leg_torque=964.26 mean_leg_torque=165.97
[part3] frame=16400 root_pos=[-0.083  0.923 -0.118] root_vel=[-0.012 -0.008  0.063] target_pos=[-0.212  0.911 -0.046] offset=[-0.128 -0.012  0.072] virtual_force=[-512.383  -49.029  285.55 ] max_leg_torque=956.60 mean_leg_torque=171.59
[part3] frame=16600 root_pos=[-0.087  0.923 -0.12 ] root_vel=[-0.046 -0.072 -0.044] target_pos=[-0.213  0.911 -0.046] offset=[-0.125 -0.012  0.074] virtual_force=[-500.416  -47.215  295.106] max_leg_torque=958.77 mean_leg_torque=208.09
[part3] frame=16800 root_pos=[-0.091  0.923 -0.122] root_vel=[-0.081  0.004 -0.113] target_pos=[-0.214  0.911 -0.047] offset=[-0.123 -0.012  0.075] virtual_force=[-491.063  -48.515  302.617] max_leg_torque=970.83 mean_leg_torque=168.30
[part3] frame=17000 root_pos=[-0.093  0.923 -0.124] root_vel=[-0.049 -0.01  -0.103] target_pos=[-0.215  0.911 -0.047] offset=[-0.122 -0.012  0.076] virtual_force=[-485.931  -48.267  307.859] max_leg_torque=976.91 mean_leg_torque=173.13
[part3] frame=17200 root_pos=[-0.095  0.923 -0.125] root_vel=[-0.     0.028  0.013] target_pos=[-0.216  0.911 -0.047] offset=[-0.121 -0.012  0.078] virtual_force=[-484.379  -49.118  311.115] max_leg_torque=974.63 mean_leg_torque=216.26
[part3] frame=17400 root_pos=[-0.096  0.923 -0.125] root_vel=[0.005 0.036 0.07 ] target_pos=[-0.217  0.911 -0.046] offset=[-0.121 -0.012  0.079] virtual_force=[-482.875  -49.762  313.979] max_leg_torque=970.15 mean_leg_torque=169.53
[part3] frame=17600 root_pos=[-0.1    0.923 -0.125] root_vel=[-0.013  0.004  0.101] target_pos=[-0.218  0.911 -0.045] offset=[-0.118 -0.012  0.08 ] virtual_force=[-471.491  -49.038  318.272] max_leg_torque=956.08 mean_leg_torque=181.47
[part3] frame=17800 root_pos=[-0.106  0.923 -0.126] root_vel=[-0.075 -0.046 -0.004] target_pos=[-0.219  0.911 -0.044] offset=[-0.113 -0.012  0.082] virtual_force=[-449.745  -47.572  329.345] max_leg_torque=959.09 mean_leg_torque=163.79
[part3] frame=18000 root_pos=[-0.116  0.923 -0.127] root_vel=[-0.156 -0.008 -0.094] target_pos=[-0.221  0.911 -0.043] offset=[-0.104 -0.012  0.084] virtual_force=[-413.85   -47.741  338.335] max_leg_torque=967.58 mean_leg_torque=164.61
[part3] frame=18200 root_pos=[-0.128  0.923 -0.128] root_vel=[-0.108  0.022 -0.09 ] target_pos=[-0.223  0.911 -0.044] offset=[-0.094 -0.012  0.083] virtual_force=[-374.765  -49.634  334.654] max_leg_torque=974.24 mean_leg_torque=198.98
[part3] frame=18400 root_pos=[-0.135  0.924 -0.124] root_vel=[-0.029  0.017  0.027] target_pos=[-0.225  0.911 -0.046] offset=[-0.09  -0.013  0.078] virtual_force=[-358.605  -52.361  313.35 ] max_leg_torque=973.79 mean_leg_torque=153.49
[part3] frame=18600 root_pos=[-0.137  0.924 -0.121] root_vel=[0.016 0.052 0.088] target_pos=[-0.224  0.911 -0.046] offset=[-0.087 -0.014  0.075] virtual_force=[-349.996  -55.283  298.16 ] max_leg_torque=969.70 mean_leg_torque=154.62
[part3] frame=18800 root_pos=[-0.139  0.924 -0.121] root_vel=[ 0.003 -0.007  0.08 ] target_pos=[-0.225  0.911 -0.047] offset=[-0.086 -0.014  0.074] virtual_force=[-344.293  -54.542  294.425] max_leg_torque=960.05 mean_leg_torque=145.52
[part3] frame=19000 root_pos=[-0.138  0.924 -0.123] root_vel=[ 0.033 -0.011  0.022] target_pos=[-0.225  0.911 -0.048] offset=[-0.087 -0.014  0.075] virtual_force=[-348.912  -54.103  298.501] max_leg_torque=957.38 mean_leg_torque=150.31
[part3] frame=19200 root_pos=[-0.133  0.924 -0.124] root_vel=[-0.004 -0.081 -0.068] target_pos=[-0.224  0.911 -0.049] offset=[-0.091 -0.013  0.075] virtual_force=[-363.049  -51.06   302.737] max_leg_torque=954.69 mean_leg_torque=155.60
[part3] frame=19400 root_pos=[-0.128  0.923 -0.131] root_vel=[ 0.056 -0.004 -0.175] target_pos=[-0.224  0.911 -0.051] offset=[-0.096 -0.012  0.08 ] virtual_force=[-386.135  -49.442  322.147] max_leg_torque=972.95 mean_leg_torque=153.28
[part3] frame=19600 root_pos=[-0.12   0.923 -0.137] root_vel=[ 0.054  0.001 -0.086] target_pos=[-0.224  0.911 -0.054] offset=[-0.104 -0.012  0.084] virtual_force=[-418.922  -48.153  335.95 ] max_leg_torque=974.28 mean_leg_torque=161.73
[part3] frame=19800 root_pos=[-0.115  0.923 -0.14 ] root_vel=[0.053 0.058 0.02 ] target_pos=[-0.225  0.911 -0.057] offset=[-0.11  -0.012  0.083] virtual_force=[-441.247  -49.81   331.966] max_leg_torque=999.40 mean_leg_torque=169.19
[part3] frame=20000 root_pos=[-0.114  0.923 -0.141] root_vel=[0.021 0.005 0.079] target_pos=[-0.226  0.911 -0.058] offset=[-0.112 -0.012  0.083] virtual_force=[-447.734  -49.063  330.496] max_leg_torque=965.21 mean_leg_torque=162.85
[part3] frame=20200 root_pos=[-0.117  0.923 -0.142] root_vel=[-0.018 -0.013  0.054] target_pos=[-0.227  0.911 -0.057] offset=[-0.11  -0.012  0.084] virtual_force=[-439.404  -48.31   336.296] max_leg_torque=956.96 mean_leg_torque=167.55
[part3] frame=20400 root_pos=[-0.124  0.923 -0.143] root_vel=[-0.114 -0.041 -0.043] target_pos=[-0.228  0.911 -0.057] offset=[-0.104 -0.012  0.086] virtual_force=[-415.342  -47.228  344.344] max_leg_torque=943.97 mean_leg_torque=168.02
[part3] frame=20600 root_pos=[-0.135  0.923 -0.144] root_vel=[-0.126  0.012 -0.119] target_pos=[-0.23   0.911 -0.057] offset=[-0.095 -0.012  0.087] virtual_force=[-377.833  -48.158  349.866] max_leg_torque=971.54 mean_leg_torque=158.63
[part3] frame=20800 root_pos=[-0.142  0.923 -0.143] root_vel=[-0.055 -0.009 -0.047] target_pos=[-0.233  0.911 -0.06 ] offset=[-0.091 -0.013  0.083] virtual_force=[-362.877  -50.163  332.951] max_leg_torque=975.19 mean_leg_torque=160.71
[part3] frame=21000 root_pos=[-0.142  0.923 -0.141] root_vel=[0.036 0.038 0.039] target_pos=[-0.233  0.911 -0.06 ] offset=[-0.09  -0.013  0.081] virtual_force=[-361.358  -52.346  324.168] max_leg_torque=972.32 mean_leg_torque=197.58
[part3] frame=21200 root_pos=[-0.14   0.923 -0.143] root_vel=[0.05  0.014 0.042] target_pos=[-0.233  0.911 -0.062] offset=[-0.092 -0.013  0.081] virtual_force=[-370.742  -51.525  323.413] max_leg_torque=963.46 mean_leg_torque=153.01
[part3] frame=21400 root_pos=[-0.135  0.923 -0.15 ] root_vel=[ 0.094 -0.021  0.036] target_pos=[-0.233  0.911 -0.065] offset=[-0.098 -0.012  0.085] virtual_force=[-394.144  -48.205  340.211] max_leg_torque=955.88 mean_leg_torque=167.04
[part3] frame=21600 root_pos=[-0.129  0.923 -0.155] root_vel=[ 0.023 -0.017 -0.066] target_pos=[-0.234  0.911 -0.069] offset=[-0.105 -0.012  0.086] virtual_force=[-420.297  -47.949  346.041] max_leg_torque=958.09 mean_leg_torque=204.02
[part3] frame=21800 root_pos=[-0.126  0.923 -0.157] root_vel=[-0.027  0.    -0.103] target_pos=[-0.235  0.911 -0.071] offset=[-0.109 -0.012  0.086] virtual_force=[-435.86   -48.284  344.506] max_leg_torque=966.35 mean_leg_torque=165.26
[part3] frame=22000 root_pos=[-0.126  0.923 -0.159] root_vel=[-0.043  0.007 -0.109] target_pos=[-0.236  0.911 -0.072] offset=[-0.11  -0.012  0.087] virtual_force=[-438.813  -48.544  350.001] max_leg_torque=978.31 mean_leg_torque=168.62
[part3] frame=22200 root_pos=[-0.128  0.923 -0.16 ] root_vel=[-0.025  0.027  0.009] target_pos=[-0.237  0.911 -0.072] offset=[-0.109 -0.012  0.088] virtual_force=[-433.612  -48.989  351.773] max_leg_torque=973.65 mean_leg_torque=163.86
[part3] frame=22400 root_pos=[-0.134  0.923 -0.162] root_vel=[-0.024  0.034  0.055] target_pos=[-0.238  0.911 -0.072] offset=[-0.105 -0.012  0.089] virtual_force=[-417.93   -49.408  355.496] max_leg_torque=970.71 mean_leg_torque=166.52
[part3] frame=22600 root_pos=[-0.142  0.923 -0.163] root_vel=[-0.05  -0.005  0.087] target_pos=[-0.24   0.911 -0.073] offset=[-0.098 -0.012  0.09 ] virtual_force=[-390.589  -48.215  358.172] max_leg_torque=955.64 mean_leg_torque=175.86
[part3] frame=22800 root_pos=[-0.151  0.923 -0.163] root_vel=[-0.068 -0.015  0.016] target_pos=[-0.242  0.911 -0.075] offset=[-0.091 -0.012  0.089] virtual_force=[-360.961  -48.982  353.85 ] max_leg_torque=956.95 mean_leg_torque=156.25
[part3] frame=23000 root_pos=[-0.154  0.923 -0.163] root_vel=[-0.023 -0.048 -0.072] target_pos=[-0.244  0.911 -0.076] offset=[-0.09  -0.012  0.087] virtual_force=[-359.232  -48.732  349.517] max_leg_torque=962.65 mean_leg_torque=157.23
[part3] frame=23200 root_pos=[-0.149  0.923 -0.165] root_vel=[ 0.041  0.004 -0.145] target_pos=[-0.243  0.911 -0.077] offset=[-0.094 -0.012  0.088] virtual_force=[-376.459  -48.334  355.54 ] max_leg_torque=974.63 mean_leg_torque=200.56
[part3] frame=23400 root_pos=[-0.144  0.923 -0.171] root_vel=[ 0.049  0.021 -0.039] target_pos=[-0.244  0.911 -0.081] offset=[-0.1   -0.012  0.091] virtual_force=[-400.844  -48.664  363.01 ] max_leg_torque=973.69 mean_leg_torque=160.32
[part3] frame=23600 root_pos=[-0.141  0.923 -0.175] root_vel=[0.059 0.046 0.037] target_pos=[-0.245  0.911 -0.083] offset=[-0.104 -0.012  0.091] virtual_force=[-416.792  -49.682  363.873] max_leg_torque=976.76 mean_leg_torque=166.32
[part3] frame=23800 root_pos=[-0.14   0.923 -0.176] root_vel=[ 0.031 -0.022  0.082] target_pos=[-0.246  0.911 -0.085] offset=[-0.106 -0.012  0.091] virtual_force=[-424.292  -48.438  362.582] max_leg_torque=969.65 mean_leg_torque=210.62
[part3] frame=24000 root_pos=[-0.141  0.923 -0.177] root_vel=[-0.013 -0.048 -0.004] target_pos=[-0.247  0.911 -0.085] offset=[-0.106 -0.012  0.092] virtual_force=[-422.463  -47.662  368.672] max_leg_torque=957.49 mean_leg_torque=164.74
[part3] frame=24200 root_pos=[-0.144  0.923 -0.179] root_vel=[-0.087 -0.023 -0.058] target_pos=[-0.248  0.911 -0.085] offset=[-0.104 -0.012  0.094] virtual_force=[-412.512  -47.726  375.787] max_leg_torque=956.33 mean_leg_torque=169.31
[part3] frame=24400 root_pos=[-0.15   0.923 -0.18 ] root_vel=[-0.103  0.016 -0.104] target_pos=[-0.249  0.911 -0.085] offset=[-0.099 -0.012  0.095] virtual_force=[-395.587  -48.438  380.773] max_leg_torque=973.28 mean_leg_torque=160.39
[part3] frame=24600 root_pos=[-0.158  0.923 -0.181] root_vel=[-0.104 -0.005 -0.041] target_pos=[-0.251  0.911 -0.085] offset=[-0.093 -0.012  0.096] virtual_force=[-370.487  -47.785  383.779] max_leg_torque=975.45 mean_leg_torque=163.86
[part3] frame=24800 root_pos=[-0.166  0.923 -0.182] root_vel=[-0.024  0.065  0.028] target_pos=[-0.252  0.911 -0.087] offset=[-0.086 -0.012  0.095] virtual_force=[-344.587  -49.949  377.739] max_leg_torque=994.83 mean_leg_torque=162.97
[part3] frame=25000 root_pos=[-0.168  0.923 -0.182] root_vel=[ 0.045 -0.003  0.092] target_pos=[-0.255  0.911 -0.089] offset=[-0.086 -0.012  0.093] virtual_force=[-345.671  -49.583  368.958] max_leg_torque=959.33 mean_leg_torque=152.30
[part3] frame=25200 root_pos=[-0.164  0.923 -0.183] root_vel=[ 0.07  -0.009  0.034] target_pos=[-0.254  0.911 -0.089] offset=[-0.09  -0.012  0.094] virtual_force=[-359.76   -48.532  374.505] max_leg_torque=956.72 mean_leg_torque=158.95
[part3] frame=25400 root_pos=[-0.161  0.923 -0.187] root_vel=[-0.028 -0.032 -0.058] target_pos=[-0.254  0.911 -0.091] offset=[-0.093 -0.012  0.096] virtual_force=[-372.293  -47.283  384.21 ] max_leg_torque=945.96 mean_leg_torque=164.27
[part3] frame=25600 root_pos=[-0.162  0.923 -0.188] root_vel=[-0.093  0.011 -0.087] target_pos=[-0.255  0.911 -0.092] offset=[-0.093 -0.012  0.096] virtual_force=[-370.66   -48.128  386.602] max_leg_torque=971.72 mean_leg_torque=160.41
[part3] frame=25800 root_pos=[-0.168  0.922 -0.188] root_vel=[-0.099 -0.018 -0.057] target_pos=[-0.256  0.911 -0.091] offset=[-0.088 -0.012  0.097] virtual_force=[-351.703  -47.392  390.001] max_leg_torque=975.83 mean_leg_torque=163.53
[part3] frame=26000 root_pos=[-0.174  0.923 -0.188] root_vel=[-0.009  0.054  0.032] target_pos=[-0.258  0.911 -0.093] offset=[-0.084 -0.012  0.094] virtual_force=[-337.808  -50.086  377.173] max_leg_torque=613.45 mean_leg_torque=112.94
[part3] frame=26200 root_pos=[-0.175  0.923 -0.187] root_vel=[0.05  0.01  0.093] target_pos=[-0.259  0.911 -0.094] offset=[-0.084 -0.012  0.093] virtual_force=[-338.148  -50.153  371.773] max_leg_torque=964.73 mean_leg_torque=153.59
[part3] frame=26400 root_pos=[-0.171  0.923 -0.189] root_vel=[0.076 0.007 0.042] target_pos=[-0.259  0.911 -0.095] offset=[-0.087 -0.012  0.094] virtual_force=[-350.75  -48.99  375.85] max_leg_torque=954.72 mean_leg_torque=160.37
[part3] frame=26600 root_pos=[-0.168  0.923 -0.193] root_vel=[-0.015 -0.023 -0.04 ] target_pos=[-0.259  0.911 -0.097] offset=[-0.091 -0.012  0.096] virtual_force=[-362.027  -47.537  386.496] max_leg_torque=925.62 mean_leg_torque=165.26
[part3] frame=26800 root_pos=[-0.17   0.922 -0.194] root_vel=[-0.082  0.005 -0.088] target_pos=[-0.26   0.911 -0.097] offset=[-0.09  -0.012  0.097] virtual_force=[-359.368  -47.809  391.677] max_leg_torque=970.44 mean_leg_torque=160.91
[part3] frame=27000 root_pos=[-0.175  0.923 -0.194] root_vel=[-0.094 -0.008 -0.076] target_pos=[-0.261  0.911 -0.097] offset=[-0.086 -0.012  0.097] virtual_force=[-343.598  -47.813  390.973] max_leg_torque=976.03 mean_leg_torque=163.58
[part3] frame=27200 root_pos=[-0.179  0.923 -0.193] root_vel=[0.001 0.035 0.02 ] target_pos=[-0.263  0.911 -0.099] offset=[-0.084 -0.012  0.094] virtual_force=[-337.033  -49.707  375.289] max_leg_torque=971.67 mean_leg_torque=205.57
[part3] frame=27400 root_pos=[-0.178  0.923 -0.193] root_vel=[0.064 0.025 0.075] target_pos=[-0.262  0.911 -0.099] offset=[-0.084 -0.012  0.094] virtual_force=[-337.749  -50.261  373.581] max_leg_torque=965.45 mean_leg_torque=157.51
[part3] frame=27600 root_pos=[-0.175  0.923 -0.195] root_vel=[0.081 0.    0.072] target_pos=[-0.262  0.911 -0.1  ] offset=[-0.087 -0.012  0.094] virtual_force=[-351.369  -48.849  376.559] max_leg_torque=955.12 mean_leg_torque=170.16
[part3] frame=27800 root_pos=[-0.171  0.923 -0.198] root_vel=[ 0.009 -0.025 -0.03 ] target_pos=[-0.262  0.911 -0.101] offset=[-0.09  -0.012  0.097] virtual_force=[-360.905  -47.468  387.421] max_leg_torque=958.38 mean_leg_torque=206.62
[part3] frame=28000 root_pos=[-0.172  0.922 -0.197] root_vel=[-0.072 -0.01  -0.063] target_pos=[-0.262  0.911 -0.1  ] offset=[-0.09  -0.012  0.098] virtual_force=[-359.844  -47.594  391.662] max_leg_torque=966.44 mean_leg_torque=163.40
[part3] frame=28200 root_pos=[-0.176  0.922 -0.197] root_vel=[-0.11   0.005 -0.099] target_pos=[-0.263  0.911 -0.099] offset=[-0.087 -0.012  0.099] virtual_force=[-344.952  -47.927  396.332] max_leg_torque=978.65 mean_leg_torque=164.82
[part3] frame=28400 root_pos=[-0.182  0.923 -0.197] root_vel=[-0.019  0.029  0.008] target_pos=[-0.265  0.911 -0.1  ] offset=[-0.083 -0.012  0.097] virtual_force=[-331.428  -49.073  386.391] max_leg_torque=972.08 mean_leg_torque=158.19
[part3] frame=28600 root_pos=[-0.183  0.923 -0.196] root_vel=[0.046 0.045 0.063] target_pos=[-0.265  0.911 -0.101] offset=[-0.083 -0.012  0.095] virtual_force=[-331.297  -50.688  377.834] max_leg_torque=970.29 mean_leg_torque=159.31
[part3] frame=28800 root_pos=[-0.18   0.923 -0.197] root_vel=[ 0.074 -0.009  0.076] target_pos=[-0.265  0.911 -0.101] offset=[-0.085 -0.012  0.095] virtual_force=[-340.245  -48.96   379.981] max_leg_torque=957.67 mean_leg_torque=152.95
[part3] frame=29000 root_pos=[-0.176  0.923 -0.201] root_vel=[ 0.031 -0.021 -0.045] target_pos=[-0.265  0.911 -0.103] offset=[-0.088 -0.012  0.098] virtual_force=[-353.939  -47.668  392.918] max_leg_torque=957.14 mean_leg_torque=159.68
[part3] frame=29200 root_pos=[-0.175  0.922 -0.205] root_vel=[-0.051 -0.025 -0.064] target_pos=[-0.265  0.911 -0.105] offset=[-0.09  -0.012  0.1  ] virtual_force=[-359.352  -47.334  400.452] max_leg_torque=955.92 mean_leg_torque=165.35
[part3] frame=29400 root_pos=[-0.177  0.923 -0.206] root_vel=[-0.079  0.014 -0.101] target_pos=[-0.267  0.911 -0.106] offset=[-0.09  -0.012  0.1  ] virtual_force=[-356.931  -48.251  401.523] max_leg_torque=973.11 mean_leg_torque=158.33
[part3] frame=29600 root_pos=[-0.182  0.922 -0.207] root_vel=[-0.084 -0.004 -0.035] target_pos=[-0.268  0.911 -0.106] offset=[-0.086 -0.012  0.101] virtual_force=[-340.644  -47.643  404.637] max_leg_torque=975.48 mean_leg_torque=163.18
[part3] frame=29800 root_pos=[-0.189  0.923 -0.207] root_vel=[-0.008  0.062  0.034] target_pos=[-0.27   0.911 -0.108] offset=[-0.081 -0.012  0.1  ] virtual_force=[-324.919  -49.943  397.521] max_leg_torque=995.41 mean_leg_torque=162.74
[part3] frame=30000 root_pos=[-0.19   0.923 -0.208] root_vel=[ 0.055 -0.01   0.089] target_pos=[-0.271  0.911 -0.11 ] offset=[-0.081 -0.012  0.098] virtual_force=[-327.066  -49.007  391.033] max_leg_torque=958.76 mean_leg_torque=152.37
[part3] frame=30200 root_pos=[-0.186  0.923 -0.211] root_vel=[ 0.062 -0.036  0.012] target_pos=[-0.271  0.911 -0.111] offset=[-0.085 -0.012  0.1  ] virtual_force=[-339.848  -47.563  400.331] max_leg_torque=957.26 mean_leg_torque=159.57
[part3] frame=30400 root_pos=[-0.184  0.923 -0.213] root_vel=[-0.028 -0.033 -0.048] target_pos=[-0.272  0.911 -0.112] offset=[-0.088 -0.012  0.102] virtual_force=[-351.812  -47.316  408.113] max_leg_torque=945.49 mean_leg_torque=165.42
[part3] frame=30600 root_pos=[-0.184  0.923 -0.215] root_vel=[-0.067  0.014 -0.097] target_pos=[-0.273  0.911 -0.112] offset=[-0.089 -0.012  0.103] virtual_force=[-353.838  -48.294  412.777] max_leg_torque=971.78 mean_leg_torque=161.62
[part3] frame=30800 root_pos=[-0.187  0.923 -0.215] root_vel=[-0.08  -0.009 -0.047] target_pos=[-0.274  0.911 -0.112] offset=[-0.087 -0.012  0.103] virtual_force=[-345.236  -47.814  414.177] max_leg_torque=975.07 mean_leg_torque=166.11
[part3] frame=31000 root_pos=[-0.194  0.923 -0.214] root_vel=[-0.058  0.034  0.024] target_pos=[-0.275  0.911 -0.111] offset=[-0.081 -0.012  0.103] virtual_force=[-323.219  -48.551  413.099] max_leg_torque=608.01 mean_leg_torque=116.93
[part3] frame=31200 root_pos=[-0.2    0.923 -0.212] root_vel=[0.006 0.017 0.119] target_pos=[-0.277  0.911 -0.112] offset=[-0.077 -0.012  0.1  ] virtual_force=[-306.366  -50.111  396.984] max_leg_torque=963.39 mean_leg_torque=155.41
[part3] frame=31400 root_pos=[-0.202  0.923 -0.21 ] root_vel=[0.039 0.016 0.087] target_pos=[-0.277  0.911 -0.113] offset=[-0.075 -0.013  0.097] virtual_force=[-301.013  -51.376  387.072] max_leg_torque=955.66 mean_leg_torque=158.04
[part3] frame=31600 root_pos=[-0.201  0.923 -0.209] root_vel=[-0.003 -0.052 -0.014] target_pos=[-0.277  0.911 -0.113] offset=[-0.076 -0.013  0.096] virtual_force=[-304.555  -49.872  386.262] max_leg_torque=924.68 mean_leg_torque=159.27
[part3] frame=31800 root_pos=[-0.199  0.923 -0.214] root_vel=[-0.008 -0.021 -0.145] target_pos=[-0.277  0.911 -0.115] offset=[-0.079 -0.012  0.099] virtual_force=[-314.209  -48.398  398.757] max_leg_torque=969.92 mean_leg_torque=157.36
[part3] frame=32000 root_pos=[-0.194  0.923 -0.219] root_vel=[-0.005 -0.01  -0.108] target_pos=[-0.277  0.911 -0.116] offset=[-0.083 -0.012  0.103] virtual_force=[-331.805  -47.789  412.929] max_leg_torque=976.16 mean_leg_torque=162.87
[part3] frame=32200 root_pos=[-0.191  0.923 -0.219] root_vel=[0.024 0.029 0.018] target_pos=[-0.277  0.911 -0.116] offset=[-0.086 -0.012  0.104] virtual_force=[-344.419  -48.688  413.977] max_leg_torque=972.52 mean_leg_torque=210.09
[part3] frame=32400 root_pos=[-0.192  0.923 -0.219] root_vel=[0.024 0.023 0.071] target_pos=[-0.278  0.911 -0.115] offset=[-0.086 -0.012  0.104] virtual_force=[-342.959  -49.023  415.138] max_leg_torque=965.81 mean_leg_torque=163.57
[part3] frame=32600 root_pos=[-0.197  0.923 -0.219] root_vel=[-0.008 -0.004  0.106] target_pos=[-0.279  0.911 -0.114] offset=[-0.081 -0.012  0.105] virtual_force=[-325.665  -48.142  416.01 ] max_leg_torque=956.51 mean_leg_torque=174.37
[part3] frame=32800 root_pos=[-0.205  0.923 -0.218] root_vel=[-0.069 -0.025 -0.001] target_pos=[-0.28   0.911 -0.115] offset=[-0.076 -0.012  0.103] virtual_force=[-300.883  -48.361  411.29 ] max_leg_torque=957.98 mean_leg_torque=204.12
[part3] frame=33000 root_pos=[-0.207  0.923 -0.217] root_vel=[-0.051 -0.043 -0.082] target_pos=[-0.283  0.911 -0.116] offset=[-0.075 -0.012  0.101] virtual_force=[-299.5    -48.266  405.377] max_leg_torque=966.50 mean_leg_torque=158.84
